<?xml version="1.0" encoding="UTF-8"?>
<testsuite xmlns:xsi="http://www.w3.org/2001/XMLSchema-instance" xsi:schemaLocation="https://maven.apache.org/surefire/maven-surefire-plugin/xsd/surefire-test-report.xsd" name="TSBMortagage.RunnerTest" time="63.83" tests="74" errors="0" skipped="0" failures="0">
  <properties>
[...]
</properties>
  <testcase name="Given I am on the homepage" classname="Scenario: As a first time buyer i want to be able to get  mortgage promise" time="0.009"/>
  <testcase name="And I click on the Firstime buyer link" classname="Scenario: As a first time buyer i want to be able to get  mortgage promise" time="0"/>
  <testcase name="And I click on get a mortagage promise button" classname="Scenario: As a first time buyer i want to be able to get  mortgage promise" time="0"/>
  <testcase name="When I click on continue button" classname="Scenario: As a first time buyer i want to be able to get  mortgage promise" time="0"/>
  <testcase name="When I select Buy a home from application type dropdown" classname="Scenario: As a first time buyer i want to be able to get  mortgage promise" time="0"/>
  <testcase name="And I click  a sole applicant" classname="Scenario: As a first time buyer i want to be able to get  mortgage promise" time="0"/>
  <testcase name="And I click yes on Age question" classname="Scenario: As a first time buyer i want to be able to get  mortgage promise" time="0"/>
  <testcase name="And I click yes on resident question" classname="Scenario: As a first time buyer i want to be able to get  mortgage promise" time="0"/>
  <testcase name="And I click yes on main residence question" classname="Scenario: As a first time buyer i want to be able to get  mortgage promise" time="0"/>
  <testcase name="And I click  yes on the income question" classname="Scenario: As a first time buyer i want to be able to get  mortgage promise" time="0"/>
  <testcase name="And I click no the arrears question" classname="Scenario: As a first time buyer i want to be able to get  mortgage promise" time="0"/>
  <testcase name="And I click  no on the CCJ question" classname="Scenario: As a first time buyer i want to be able to get  mortgage promise" time="0"/>
  <testcase name="And I click no on the bankruptcy question" classname="Scenario: As a first time buyer i want to be able to get  mortgage promise" time="0"/>
  <testcase name="And I click no on the IO question" classname="Scenario: As a first time buyer i want to be able to get  mortgage promise" time="0"/>
  <testcase name="Then i click on continue option" classname="Scenario: As a first time buyer i want to be able to get  mortgage promise" time="0"/>
  <testcase name="And I tick the disclosure radio button" classname="Scenario: As a first time buyer i want to be able to get  mortgage promise" time="0"/>
  <testcase name="And I click on the continue button" classname="Scenario: As a first time buyer i want to be able to get  mortgage promise" time="0"/>
  <testcase name="And I click yes on first time buyer question" classname="Scenario: As a first time buyer i want to be able to get  mortgage promise" time="0"/>
  <testcase name="And I select a title from the dropdown menu" classname="Scenario: As a first time buyer i want to be able to get  mortgage promise" time="0"/>
  <testcase name="And I enter a Fist name" classname="Scenario: As a first time buyer i want to be able to get  mortgage promise" time="0"/>
  <testcase name="And I enter a last name?" classname="Scenario: As a first time buyer i want to be able to get  mortgage promise" time="0"/>
  <testcase name="Then I click on the male gender button" classname="Scenario: As a first time buyer i want to be able to get  mortgage promise" time="0"/>
  <testcase name="And I click no on the name change button" classname="Scenario: As a first time buyer i want to be able to get  mortgage promise" time="0"/>
  <testcase name="And I enter a DOB" classname="Scenario: As a first time buyer i want to be able to get  mortgage promise" time="0"/>
  <testcase name="And i select single from the marital status dropdown" classname="Scenario: As a first time buyer i want to be able to get  mortgage promise" time="0"/>
  <testcase name="And I click a number of dependant" classname="Scenario: As a first time buyer i want to be able to get  mortgage promise" time="0"/>
  <testcase name="And I select  a nationality from dropdown" classname="Scenario: As a first time buyer i want to be able to get  mortgage promise" time="0"/>
  <testcase name="And I select a country of residence" classname="Scenario: As a first time buyer i want to be able to get  mortgage promise" time="0"/>
  <testcase name="And I enter my city of birth" classname="Scenario: As a first time buyer i want to be able to get  mortgage promise" time="0"/>
  <testcase name="And I select a country of birth from dropdown" classname="Scenario: As a first time buyer i want to be able to get  mortgage promise" time="0"/>
  <testcase name="And I select a country of tax residence  from dropdown" classname="Scenario: As a first time buyer i want to be able to get  mortgage promise" time="0"/>
  <testcase name="And I click No on US Citizen question" classname="Scenario: As a first time buyer i want to be able to get  mortgage promise" time="0"/>
  <testcase name="And I click No on Politically exposed person" classname="Scenario: As a first time buyer i want to be able to get  mortgage promise" time="0"/>
  <testcase name="Then I click on next button" classname="Scenario: As a first time buyer i want to be able to get  mortgage promise" time="0"/>
  <testcase name="And I select a residential status" classname="Scenario: As a first time buyer i want to be able to get  mortgage promise" time="0"/>
  <testcase name="And I enter a postcode" classname="Scenario: As a first time buyer i want to be able to get  mortgage promise" time="0"/>
  <testcase name="And I click on find address button" classname="Scenario: As a first time buyer i want to be able to get  mortgage promise" time="0"/>
  <testcase name="And I click on address dropdown to select address" classname="Scenario: As a first time buyer i want to be able to get  mortgage promise" time="0"/>
  <testcase name="And I enter a date moved" classname="Scenario: As a first time buyer i want to be able to get  mortgage promise" time="0"/>
  <testcase name="Then I enter a telephone number" classname="Scenario: As a first time buyer i want to be able to get  mortgage promise" time="0"/>
  <testcase name="And I enter a preferred email address" classname="Scenario: As a first time buyer i want to be able to get  mortgage promise" time="0"/>
  <testcase name="And I click on No to post question" classname="Scenario: As a first time buyer i want to be able to get  mortgage promise" time="0"/>
  <testcase name="And I click on yes to email question" classname="Scenario: As a first time buyer i want to be able to get  mortgage promise" time="0"/>
  <testcase name="And I click on No to text question" classname="Scenario: As a first time buyer i want to be able to get  mortgage promise" time="0"/>
  <testcase name="And I click on yes to phone  question" classname="Scenario: As a first time buyer i want to be able to get  mortgage promise" time="0"/>
  <testcase name="Then I click on next option" classname="Scenario: As a first time buyer i want to be able to get  mortgage promise" time="0"/>
  <testcase name="And I select property type" classname="Scenario: As a first time buyer i want to be able to get  mortgage promise" time="0"/>
  <testcase name="And i enter a loan amount" classname="Scenario: As a first time buyer i want to be able to get  mortgage promise" time="0"/>
  <testcase name="And I enter a purchase price" classname="Scenario: As a first time buyer i want to be able to get  mortgage promise" time="0"/>
  <testcase name="Then I enter a source of deposit" classname="Scenario: As a first time buyer i want to be able to get  mortgage promise" time="0"/>
  <testcase name="And I click no to buying flat  question" classname="Scenario: As a first time buyer i want to be able to get  mortgage promise" time="0"/>
  <testcase name="And I click no to purchase scheme   question" classname="Scenario: As a first time buyer i want to be able to get  mortgage promise" time="0"/>
  <testcase name="And I click no to new build question" classname="Scenario: As a first time buyer i want to be able to get  mortgage promise" time="0"/>
  <testcase name="And I click no to property wish question  question" classname="Scenario: As a first time buyer i want to be able to get  mortgage promise" time="0"/>
  <testcase name="And I click no to own properties  question" classname="Scenario: As a first time buyer i want to be able to get  mortgage promise" time="0"/>
  <testcase name="Then I click next button" classname="Scenario: As a first time buyer i want to be able to get  mortgage promise" time="0"/>
  <testcase name="And I click number of main incomes" classname="Scenario: As a first time buyer i want to be able to get  mortgage promise" time="0"/>
  <testcase name="And I click current employment status dropdown" classname="Scenario: As a first time buyer i want to be able to get  mortgage promise" time="0"/>
  <testcase name="And I select employment status" classname="Scenario: As a first time buyer i want to be able to get  mortgage promise" time="0"/>
  <testcase name="And I enter employers name" classname="Scenario: As a first time buyer i want to be able to get  mortgage promise" time="0"/>
  <testcase name="And I click on contract type dropdown" classname="Scenario: As a first time buyer i want to be able to get  mortgage promise" time="0"/>
  <testcase name="And I select contract type from dropdown" classname="Scenario: As a first time buyer i want to be able to get  mortgage promise" time="0"/>
  <testcase name="And I enter occupation" classname="Scenario: As a first time buyer i want to be able to get  mortgage promise" time="0"/>
  <testcase name="And I click on type of employment dropdown" classname="Scenario: As a first time buyer i want to be able to get  mortgage promise" time="0"/>
  <testcase name="And I select type of employment from dropdown" classname="Scenario: As a first time buyer i want to be able to get  mortgage promise" time="0"/>
  <testcase name="And I enter date started" classname="Scenario: As a first time buyer i want to be able to get  mortgage promise" time="0"/>
  <testcase name="And I enter Basic annual income" classname="Scenario: As a first time buyer i want to be able to get  mortgage promise" time="0"/>
  <testcase name="And I enter a monthly net income" classname="Scenario: As a first time buyer i want to be able to get  mortgage promise" time="0"/>
  <testcase name="And I click no on other income option" classname="Scenario: As a first time buyer i want to be able to get  mortgage promise" time="0"/>
  <testcase name="And I enter anticipated retirement  age" classname="Scenario: As a first time buyer i want to be able to get  mortgage promise" time="0"/>
  <testcase name="And I click a next button option" classname="Scenario: As a first time buyer i want to be able to get  mortgage promise" time="0"/>
  <testcase name="Then I click next button on expenditure page" classname="Scenario: As a first time buyer i want to be able to get  mortgage promise" time="0"/>
  <testcase name="Then I click on Submit application" classname="Scenario: As a first time buyer i want to be able to get  mortgage promise" time="0"/>
  <testcase name="Scenario: As a first time buyer i want to be able to get  mortgage promise" classname="Scenario: As a first time buyer i want to be able to get  mortgage promise" time="0"/>
</testsuite>